In file included from [01m[K/home/oberton/manipulation/manipulation_ws/build/snaak_manipulation/rosidl_generator_c/snaak_manipulation/action/detail/follow_trajectory__functions.h:19[m[K,
                 from [01m[K/home/oberton/manipulation/manipulation_ws/build/snaak_manipulation/rosidl_generator_c/snaak_manipulation/action/detail/follow_trajectory__functions.c:4[m[K:
[01m[K/home/oberton/manipulation/manipulation_ws/build/snaak_manipulation/rosidl_generator_c/snaak_manipulation/action/detail/follow_trajectory__struct.h:41:10:[m[K [01;31m[Kfatal error: [m[Kgeometry_msgs/msg/detail/transform__struct.h: No such file or directory
   41 | #include [01;31m[K"geometry_msgs/msg/detail/transform__struct.h"[m[K
      |          [01;31m[K^~~~~~~~~~~~~~~~~~~~~~~~~~~~~~~~~~~~~~~~~~~~~~[m[K
compilation terminated.
gmake[2]: *** [CMakeFiles/snaak_manipulation__rosidl_generator_c.dir/build.make:112: CMakeFiles/snaak_manipulation__rosidl_generator_c.dir/rosidl_generator_c/snaak_manipulation/action/detail/follow_trajectory__functions.c.o] Error 1
gmake[1]: *** [CMakeFiles/Makefile2:213: CMakeFiles/snaak_manipulation__rosidl_generator_c.dir/all] Error 2
gmake[1]: *** Waiting for unfinished jobs....
In file included from [01m[K/home/oberton/manipulation/manipulation_ws/build/snaak_manipulation/rosidl_typesupport_cpp/snaak_manipulation/action/follow_trajectory__type_support.cpp:7[m[K:
[01m[K/home/oberton/manipulation/manipulation_ws/build/snaak_manipulation/rosidl_generator_cpp/snaak_manipulation/action/detail/follow_trajectory__struct.hpp:134:10:[m[K [01;31m[Kfatal error: [m[Kgeometry_msgs/msg/detail/transform__struct.hpp: No such file or directory
  134 | #include [01;31m[K"geometry_msgs/msg/detail/transform__struct.hpp"[m[K
      |          [01;31m[K^~~~~~~~~~~~~~~~~~~~~~~~~~~~~~~~~~~~~~~~~~~~~~~~[m[K
compilation terminated.
gmake[2]: *** [CMakeFiles/snaak_manipulation__rosidl_typesupport_cpp.dir/build.make:93: CMakeFiles/snaak_manipulation__rosidl_typesupport_cpp.dir/rosidl_typesupport_cpp/snaak_manipulation/action/follow_trajectory__type_support.cpp.o] Error 1
gmake[1]: *** [CMakeFiles/Makefile2:395: CMakeFiles/snaak_manipulation__rosidl_typesupport_cpp.dir/all] Error 2
In file included from [01m[K/home/oberton/manipulation/manipulation_ws/build/snaak_manipulation/rosidl_typesupport_introspection_cpp/snaak_manipulation/action/detail/follow_trajectory__type_support.cpp:12[m[K:
[01m[K/home/oberton/manipulation/manipulation_ws/build/snaak_manipulation/rosidl_generator_cpp/snaak_manipulation/action/detail/follow_trajectory__struct.hpp:134:10:[m[K [01;31m[Kfatal error: [m[Kgeometry_msgs/msg/detail/transform__struct.hpp: No such file or directory
  134 | #include [01;31m[K"geometry_msgs/msg/detail/transform__struct.hpp"[m[K
      |          [01;31m[K^~~~~~~~~~~~~~~~~~~~~~~~~~~~~~~~~~~~~~~~~~~~~~~~[m[K
compilation terminated.
gmake[2]: *** [CMakeFiles/snaak_manipulation__rosidl_typesupport_introspection_cpp.dir/build.make:98: CMakeFiles/snaak_manipulation__rosidl_typesupport_introspection_cpp.dir/rosidl_typesupport_introspection_cpp/snaak_manipulation/action/detail/follow_trajectory__type_support.cpp.o] Error 1
gmake[1]: *** [CMakeFiles/Makefile2:369: CMakeFiles/snaak_manipulation__rosidl_typesupport_introspection_cpp.dir/all] Error 2
In file included from [01m[K/home/oberton/manipulation/manipulation_ws/build/snaak_manipulation/rosidl_typesupport_fastrtps_cpp/snaak_manipulation/action/detail/follow_trajectory__rosidl_typesupport_fastrtps_cpp.hpp:11[m[K,
                 from [01m[K/home/oberton/manipulation/manipulation_ws/build/snaak_manipulation/rosidl_typesupport_fastrtps_cpp/snaak_manipulation/action/detail/dds_fastrtps/follow_trajectory__type_support.cpp:4[m[K:
[01m[K/home/oberton/manipulation/manipulation_ws/build/snaak_manipulation/rosidl_generator_cpp/snaak_manipulation/action/detail/follow_trajectory__struct.hpp:134:10:[m[K [01;31m[Kfatal error: [m[Kgeometry_msgs/msg/detail/transform__struct.hpp: No such file or directory
  134 | #include [01;31m[K"geometry_msgs/msg/detail/transform__struct.hpp"[m[K
      |          [01;31m[K^~~~~~~~~~~~~~~~~~~~~~~~~~~~~~~~~~~~~~~~~~~~~~~~[m[K
compilation terminated.
gmake[2]: *** [CMakeFiles/snaak_manipulation__rosidl_typesupport_fastrtps_cpp.dir/build.make:98: CMakeFiles/snaak_manipulation__rosidl_typesupport_fastrtps_cpp.dir/rosidl_typesupport_fastrtps_cpp/snaak_manipulation/action/detail/dds_fastrtps/follow_trajectory__type_support.cpp.o] Error 1
gmake[1]: *** [CMakeFiles/Makefile2:291: CMakeFiles/snaak_manipulation__rosidl_typesupport_fastrtps_cpp.dir/all] Error 2
gmake: *** [Makefile:146: all] Error 2
