-- Found ament_cmake: 1.3.11 (/opt/ros/humble/share/ament_cmake/cmake)
-- Found rclcpp: 16.0.11 (/opt/ros/humble/share/rclcpp/cmake)
-- Found rosidl_generator_c: 3.1.6 (/opt/ros/humble/share/rosidl_generator_c/cmake)
-- Found rosidl_adapter: 3.1.6 (/opt/ros/humble/share/rosidl_adapter/cmake)
-- Found rosidl_generator_cpp: 3.1.6 (/opt/ros/humble/share/rosidl_generator_cpp/cmake)
-- Using all available rosidl_typesupport_c: rosidl_typesupport_fastrtps_c;rosidl_typesupport_introspection_c
-- Using all available rosidl_typesupport_cpp: rosidl_typesupport_fastrtps_cpp;rosidl_typesupport_introspection_cpp
-- Found rmw_implementation_cmake: 6.1.2 (/opt/ros/humble/share/rmw_implementation_cmake/cmake)
-- Found rmw_fastrtps_cpp: 6.2.7 (/opt/ros/humble/share/rmw_fastrtps_cpp/cmake)
-- Using RMW implementation 'rmw_fastrtps_cpp' as default
-- Found rclpy: 3.3.15 (/opt/ros/humble/share/rclpy/cmake)
-- Found geometry_msgs: 4.2.4 (/opt/ros/humble/share/geometry_msgs/cmake)
-- Found rosidl_default_generators: 1.2.0 (/opt/ros/humble/share/rosidl_default_generators/cmake)
-- Found ament_cmake_ros: 0.10.0 (/opt/ros/humble/share/ament_cmake_ros/cmake)
-- Using all available rosidl_typesupport_c: rosidl_typesupport_fastrtps_c;rosidl_typesupport_introspection_c
-- Using all available rosidl_typesupport_cpp: rosidl_typesupport_fastrtps_cpp;rosidl_typesupport_introspection_cpp
-- Found PythonInterp: /usr/bin/python3 (found suitable version "3.10.12", minimum required is "3.6") 
-- Found python_cmake_module: 0.10.0 (/opt/ros/humble/share/python_cmake_module/cmake)
-- Found PythonLibs: /usr/lib/x86_64-linux-gnu/libpython3.10.so (found suitable version "3.10.12", minimum required is "3.5") 
-- Using PYTHON_EXECUTABLE: /usr/bin/python3
-- Using PYTHON_INCLUDE_DIRS: /usr/include/python3.10
-- Using PYTHON_LIBRARIES: /usr/lib/x86_64-linux-gnu/libpython3.10.so
-- Found PythonExtra: .so  
-- Configuring done
-- Generating done
-- Build files have been written to: /home/oberton/manipulation/manipulation_ws/build/snaak_manipulation
[  3%] [34m[1mGenerating C code for ROS interfaces[0m
[  6%] [34m[1mGenerating C++ code for ROS interfaces[0m
[  6%] Built target ament_cmake_python_copy_snaak_manipulation
running egg_info
creating snaak_manipulation.egg-info
writing snaak_manipulation.egg-info/PKG-INFO
writing dependency_links to snaak_manipulation.egg-info/dependency_links.txt
writing top-level names to snaak_manipulation.egg-info/top_level.txt
writing manifest file 'snaak_manipulation.egg-info/SOURCES.txt'
reading manifest file 'snaak_manipulation.egg-info/SOURCES.txt'
writing manifest file 'snaak_manipulation.egg-info/SOURCES.txt'
[  6%] Built target ament_cmake_python_build_snaak_manipulation_egg
[  6%] Built target snaak_manipulation__cpp
[  9%] [32mBuilding C object CMakeFiles/snaak_manipulation__rosidl_generator_c.dir/rosidl_generator_c/snaak_manipulation/action/detail/follow_trajectory__functions.c.o[0m
[ 16%] [34m[1mGenerating C++ introspection for ROS interfaces[0m
[ 16%] [34m[1mGenerating C++ type support for eProsima Fast-RTPS[0m
[ 19%] [34m[1mGenerating C++ type support dispatch for ROS interfaces[0m
In file included from [01m[K/home/oberton/manipulation/manipulation_ws/build/snaak_manipulation/rosidl_generator_c/snaak_manipulation/action/detail/follow_trajectory__functions.h:19[m[K,
                 from [01m[K/home/oberton/manipulation/manipulation_ws/build/snaak_manipulation/rosidl_generator_c/snaak_manipulation/action/detail/follow_trajectory__functions.c:4[m[K:
[01m[K/home/oberton/manipulation/manipulation_ws/build/snaak_manipulation/rosidl_generator_c/snaak_manipulation/action/detail/follow_trajectory__struct.h:41:10:[m[K [01;31m[Kfatal error: [m[Kgeometry_msgs/msg/detail/transform__struct.h: No such file or directory
   41 | #include [01;31m[K"geometry_msgs/msg/detail/transform__struct.h"[m[K
      |          [01;31m[K^~~~~~~~~~~~~~~~~~~~~~~~~~~~~~~~~~~~~~~~~~~~~~[m[K
compilation terminated.
gmake[2]: *** [CMakeFiles/snaak_manipulation__rosidl_generator_c.dir/build.make:112: CMakeFiles/snaak_manipulation__rosidl_generator_c.dir/rosidl_generator_c/snaak_manipulation/action/detail/follow_trajectory__functions.c.o] Error 1
gmake[1]: *** [CMakeFiles/Makefile2:213: CMakeFiles/snaak_manipulation__rosidl_generator_c.dir/all] Error 2
gmake[1]: *** Waiting for unfinished jobs....
[ 22%] [32mBuilding CXX object CMakeFiles/snaak_manipulation__rosidl_typesupport_cpp.dir/rosidl_typesupport_cpp/snaak_manipulation/action/follow_trajectory__type_support.cpp.o[0m
[ 25%] [32mBuilding CXX object CMakeFiles/snaak_manipulation__rosidl_typesupport_introspection_cpp.dir/rosidl_typesupport_introspection_cpp/snaak_manipulation/action/detail/follow_trajectory__type_support.cpp.o[0m
In file included from [01m[K/home/oberton/manipulation/manipulation_ws/build/snaak_manipulation/rosidl_typesupport_cpp/snaak_manipulation/action/follow_trajectory__type_support.cpp:7[m[K:
[01m[K/home/oberton/manipulation/manipulation_ws/build/snaak_manipulation/rosidl_generator_cpp/snaak_manipulation/action/detail/follow_trajectory__struct.hpp:134:10:[m[K [01;31m[Kfatal error: [m[Kgeometry_msgs/msg/detail/transform__struct.hpp: No such file or directory
  134 | #include [01;31m[K"geometry_msgs/msg/detail/transform__struct.hpp"[m[K
      |          [01;31m[K^~~~~~~~~~~~~~~~~~~~~~~~~~~~~~~~~~~~~~~~~~~~~~~~[m[K
compilation terminated.
[ 29%] [32mBuilding CXX object CMakeFiles/snaak_manipulation__rosidl_typesupport_fastrtps_cpp.dir/rosidl_typesupport_fastrtps_cpp/snaak_manipulation/action/detail/dds_fastrtps/follow_trajectory__type_support.cpp.o[0m
gmake[2]: *** [CMakeFiles/snaak_manipulation__rosidl_typesupport_cpp.dir/build.make:93: CMakeFiles/snaak_manipulation__rosidl_typesupport_cpp.dir/rosidl_typesupport_cpp/snaak_manipulation/action/follow_trajectory__type_support.cpp.o] Error 1
gmake[1]: *** [CMakeFiles/Makefile2:395: CMakeFiles/snaak_manipulation__rosidl_typesupport_cpp.dir/all] Error 2
In file included from [01m[K/home/oberton/manipulation/manipulation_ws/build/snaak_manipulation/rosidl_typesupport_introspection_cpp/snaak_manipulation/action/detail/follow_trajectory__type_support.cpp:12[m[K:
[01m[K/home/oberton/manipulation/manipulation_ws/build/snaak_manipulation/rosidl_generator_cpp/snaak_manipulation/action/detail/follow_trajectory__struct.hpp:134:10:[m[K [01;31m[Kfatal error: [m[Kgeometry_msgs/msg/detail/transform__struct.hpp: No such file or directory
  134 | #include [01;31m[K"geometry_msgs/msg/detail/transform__struct.hpp"[m[K
      |          [01;31m[K^~~~~~~~~~~~~~~~~~~~~~~~~~~~~~~~~~~~~~~~~~~~~~~~[m[K
compilation terminated.
gmake[2]: *** [CMakeFiles/snaak_manipulation__rosidl_typesupport_introspection_cpp.dir/build.make:98: CMakeFiles/snaak_manipulation__rosidl_typesupport_introspection_cpp.dir/rosidl_typesupport_introspection_cpp/snaak_manipulation/action/detail/follow_trajectory__type_support.cpp.o] Error 1
gmake[1]: *** [CMakeFiles/Makefile2:369: CMakeFiles/snaak_manipulation__rosidl_typesupport_introspection_cpp.dir/all] Error 2
In file included from [01m[K/home/oberton/manipulation/manipulation_ws/build/snaak_manipulation/rosidl_typesupport_fastrtps_cpp/snaak_manipulation/action/detail/follow_trajectory__rosidl_typesupport_fastrtps_cpp.hpp:11[m[K,
                 from [01m[K/home/oberton/manipulation/manipulation_ws/build/snaak_manipulation/rosidl_typesupport_fastrtps_cpp/snaak_manipulation/action/detail/dds_fastrtps/follow_trajectory__type_support.cpp:4[m[K:
[01m[K/home/oberton/manipulation/manipulation_ws/build/snaak_manipulation/rosidl_generator_cpp/snaak_manipulation/action/detail/follow_trajectory__struct.hpp:134:10:[m[K [01;31m[Kfatal error: [m[Kgeometry_msgs/msg/detail/transform__struct.hpp: No such file or directory
  134 | #include [01;31m[K"geometry_msgs/msg/detail/transform__struct.hpp"[m[K
      |          [01;31m[K^~~~~~~~~~~~~~~~~~~~~~~~~~~~~~~~~~~~~~~~~~~~~~~~[m[K
compilation terminated.
gmake[2]: *** [CMakeFiles/snaak_manipulation__rosidl_typesupport_fastrtps_cpp.dir/build.make:98: CMakeFiles/snaak_manipulation__rosidl_typesupport_fastrtps_cpp.dir/rosidl_typesupport_fastrtps_cpp/snaak_manipulation/action/detail/dds_fastrtps/follow_trajectory__type_support.cpp.o] Error 1
gmake[1]: *** [CMakeFiles/Makefile2:291: CMakeFiles/snaak_manipulation__rosidl_typesupport_fastrtps_cpp.dir/all] Error 2
gmake: *** [Makefile:146: all] Error 2
