[0.009s] Invoking command in '/home/oberton/manipulation/manipulation_ws/build/snaak_manipulation': CMAKE_PREFIX_PATH=/opt/ros/humble /usr/bin/cmake /home/oberton/manipulation/manipulation_ws/src/snaak_manipulation -DCMAKE_INSTALL_PREFIX=/home/oberton/manipulation/manipulation_ws/install/snaak_manipulation
[0.019s] -- Found ament_cmake: 1.3.11 (/opt/ros/humble/share/ament_cmake/cmake)
[0.096s] -- Found rclcpp: 16.0.11 (/opt/ros/humble/share/rclcpp/cmake)
[0.112s] -- Found rosidl_generator_c: 3.1.6 (/opt/ros/humble/share/rosidl_generator_c/cmake)
[0.115s] -- Found rosidl_adapter: 3.1.6 (/opt/ros/humble/share/rosidl_adapter/cmake)
[0.118s] -- Found rosidl_generator_cpp: 3.1.6 (/opt/ros/humble/share/rosidl_generator_cpp/cmake)
[0.123s] -- Using all available rosidl_typesupport_c: rosidl_typesupport_fastrtps_c;rosidl_typesupport_introspection_c
[0.129s] -- Using all available rosidl_typesupport_cpp: rosidl_typesupport_fastrtps_cpp;rosidl_typesupport_introspection_cpp
[0.146s] -- Found rmw_implementation_cmake: 6.1.2 (/opt/ros/humble/share/rmw_implementation_cmake/cmake)
[0.147s] -- Found rmw_fastrtps_cpp: 6.2.7 (/opt/ros/humble/share/rmw_fastrtps_cpp/cmake)
[0.218s] -- Using RMW implementation 'rmw_fastrtps_cpp' as default
[0.245s] -- Found rclpy: 3.3.15 (/opt/ros/humble/share/rclpy/cmake)
[0.246s] -- Found geometry_msgs: 4.2.4 (/opt/ros/humble/share/geometry_msgs/cmake)
[0.252s] -- Found rosidl_default_generators: 1.2.0 (/opt/ros/humble/share/rosidl_default_generators/cmake)
[0.441s] -- Found ament_cmake_ros: 0.10.0 (/opt/ros/humble/share/ament_cmake_ros/cmake)
[0.646s] -- Using all available rosidl_typesupport_c: rosidl_typesupport_fastrtps_c;rosidl_typesupport_introspection_c
[0.725s] -- Using all available rosidl_typesupport_cpp: rosidl_typesupport_fastrtps_cpp;rosidl_typesupport_introspection_cpp
[0.742s] -- Found PythonInterp: /usr/bin/python3 (found suitable version "3.10.12", minimum required is "3.6") 
[0.743s] -- Found python_cmake_module: 0.10.0 (/opt/ros/humble/share/python_cmake_module/cmake)
[0.762s] -- Found PythonLibs: /usr/lib/x86_64-linux-gnu/libpython3.10.so (found suitable version "3.10.12", minimum required is "3.5") 
[0.762s] -- Using PYTHON_EXECUTABLE: /usr/bin/python3
[0.762s] -- Using PYTHON_INCLUDE_DIRS: /usr/include/python3.10
[0.762s] -- Using PYTHON_LIBRARIES: /usr/lib/x86_64-linux-gnu/libpython3.10.so
[0.778s] -- Found PythonExtra: .so  
[0.809s] -- Configuring done
[0.833s] -- Generating done
[0.840s] -- Build files have been written to: /home/oberton/manipulation/manipulation_ws/build/snaak_manipulation
[0.849s] Invoked command in '/home/oberton/manipulation/manipulation_ws/build/snaak_manipulation' returned '0': CMAKE_PREFIX_PATH=/opt/ros/humble /usr/bin/cmake /home/oberton/manipulation/manipulation_ws/src/snaak_manipulation -DCMAKE_INSTALL_PREFIX=/home/oberton/manipulation/manipulation_ws/install/snaak_manipulation
[0.850s] Invoking command in '/home/oberton/manipulation/manipulation_ws/build/snaak_manipulation': CMAKE_PREFIX_PATH=/opt/ros/humble /usr/bin/cmake --build /home/oberton/manipulation/manipulation_ws/build/snaak_manipulation -- -j12 -l12
[0.884s] [  3%] [34m[1mGenerating C code for ROS interfaces[0m
[0.892s] [  6%] [34m[1mGenerating C++ code for ROS interfaces[0m
[0.896s] [  6%] Built target ament_cmake_python_copy_snaak_manipulation
[1.031s] running egg_info
[1.031s] creating snaak_manipulation.egg-info
[1.032s] writing snaak_manipulation.egg-info/PKG-INFO
[1.032s] writing dependency_links to snaak_manipulation.egg-info/dependency_links.txt
[1.032s] writing top-level names to snaak_manipulation.egg-info/top_level.txt
[1.032s] writing manifest file 'snaak_manipulation.egg-info/SOURCES.txt'
[1.034s] reading manifest file 'snaak_manipulation.egg-info/SOURCES.txt'
[1.035s] writing manifest file 'snaak_manipulation.egg-info/SOURCES.txt'
[1.059s] [  6%] Built target ament_cmake_python_build_snaak_manipulation_egg
[1.131s] [  6%] Built target snaak_manipulation__cpp
[1.133s] [  9%] [32mBuilding C object CMakeFiles/snaak_manipulation__rosidl_generator_c.dir/rosidl_generator_c/snaak_manipulation/action/detail/follow_trajectory__functions.c.o[0m
[1.140s] [ 16%] [34m[1mGenerating C++ introspection for ROS interfaces[0m
[1.140s] [ 16%] [34m[1mGenerating C++ type support for eProsima Fast-RTPS[0m
[1.140s] [ 19%] [34m[1mGenerating C++ type support dispatch for ROS interfaces[0m
[1.148s] In file included from [01m[K/home/oberton/manipulation/manipulation_ws/build/snaak_manipulation/rosidl_generator_c/snaak_manipulation/action/detail/follow_trajectory__functions.h:19[m[K,
[1.148s]                  from [01m[K/home/oberton/manipulation/manipulation_ws/build/snaak_manipulation/rosidl_generator_c/snaak_manipulation/action/detail/follow_trajectory__functions.c:4[m[K:
[1.148s] [01m[K/home/oberton/manipulation/manipulation_ws/build/snaak_manipulation/rosidl_generator_c/snaak_manipulation/action/detail/follow_trajectory__struct.h:41:10:[m[K [01;31m[Kfatal error: [m[Kgeometry_msgs/msg/detail/transform__struct.h: No such file or directory
[1.148s]    41 | #include [01;31m[K"geometry_msgs/msg/detail/transform__struct.h"[m[K
[1.148s]       |          [01;31m[K^~~~~~~~~~~~~~~~~~~~~~~~~~~~~~~~~~~~~~~~~~~~~~[m[K
[1.148s] compilation terminated.
[1.149s] gmake[2]: *** [CMakeFiles/snaak_manipulation__rosidl_generator_c.dir/build.make:112: CMakeFiles/snaak_manipulation__rosidl_generator_c.dir/rosidl_generator_c/snaak_manipulation/action/detail/follow_trajectory__functions.c.o] Error 1
[1.149s] gmake[1]: *** [CMakeFiles/Makefile2:213: CMakeFiles/snaak_manipulation__rosidl_generator_c.dir/all] Error 2
[1.149s] gmake[1]: *** Waiting for unfinished jobs....
[1.301s] [ 22%] [32mBuilding CXX object CMakeFiles/snaak_manipulation__rosidl_typesupport_cpp.dir/rosidl_typesupport_cpp/snaak_manipulation/action/follow_trajectory__type_support.cpp.o[0m
[1.328s] [ 25%] [32mBuilding CXX object CMakeFiles/snaak_manipulation__rosidl_typesupport_introspection_cpp.dir/rosidl_typesupport_introspection_cpp/snaak_manipulation/action/detail/follow_trajectory__type_support.cpp.o[0m
[1.360s] In file included from [01m[K/home/oberton/manipulation/manipulation_ws/build/snaak_manipulation/rosidl_typesupport_cpp/snaak_manipulation/action/follow_trajectory__type_support.cpp:7[m[K:
[1.360s] [01m[K/home/oberton/manipulation/manipulation_ws/build/snaak_manipulation/rosidl_generator_cpp/snaak_manipulation/action/detail/follow_trajectory__struct.hpp:134:10:[m[K [01;31m[Kfatal error: [m[Kgeometry_msgs/msg/detail/transform__struct.hpp: No such file or directory
[1.360s]   134 | #include [01;31m[K"geometry_msgs/msg/detail/transform__struct.hpp"[m[K
[1.360s]       |          [01;31m[K^~~~~~~~~~~~~~~~~~~~~~~~~~~~~~~~~~~~~~~~~~~~~~~~[m[K
[1.360s] compilation terminated.
[1.360s] [ 29%] [32mBuilding CXX object CMakeFiles/snaak_manipulation__rosidl_typesupport_fastrtps_cpp.dir/rosidl_typesupport_fastrtps_cpp/snaak_manipulation/action/detail/dds_fastrtps/follow_trajectory__type_support.cpp.o[0m
[1.361s] gmake[2]: *** [CMakeFiles/snaak_manipulation__rosidl_typesupport_cpp.dir/build.make:93: CMakeFiles/snaak_manipulation__rosidl_typesupport_cpp.dir/rosidl_typesupport_cpp/snaak_manipulation/action/follow_trajectory__type_support.cpp.o] Error 1
[1.362s] gmake[1]: *** [CMakeFiles/Makefile2:395: CMakeFiles/snaak_manipulation__rosidl_typesupport_cpp.dir/all] Error 2
[1.377s] In file included from [01m[K/home/oberton/manipulation/manipulation_ws/build/snaak_manipulation/rosidl_typesupport_introspection_cpp/snaak_manipulation/action/detail/follow_trajectory__type_support.cpp:12[m[K:
[1.377s] [01m[K/home/oberton/manipulation/manipulation_ws/build/snaak_manipulation/rosidl_generator_cpp/snaak_manipulation/action/detail/follow_trajectory__struct.hpp:134:10:[m[K [01;31m[Kfatal error: [m[Kgeometry_msgs/msg/detail/transform__struct.hpp: No such file or directory
[1.377s]   134 | #include [01;31m[K"geometry_msgs/msg/detail/transform__struct.hpp"[m[K
[1.377s]       |          [01;31m[K^~~~~~~~~~~~~~~~~~~~~~~~~~~~~~~~~~~~~~~~~~~~~~~~[m[K
[1.377s] compilation terminated.
[1.379s] gmake[2]: *** [CMakeFiles/snaak_manipulation__rosidl_typesupport_introspection_cpp.dir/build.make:98: CMakeFiles/snaak_manipulation__rosidl_typesupport_introspection_cpp.dir/rosidl_typesupport_introspection_cpp/snaak_manipulation/action/detail/follow_trajectory__type_support.cpp.o] Error 1
[1.379s] gmake[1]: *** [CMakeFiles/Makefile2:369: CMakeFiles/snaak_manipulation__rosidl_typesupport_introspection_cpp.dir/all] Error 2
[1.399s] In file included from [01m[K/home/oberton/manipulation/manipulation_ws/build/snaak_manipulation/rosidl_typesupport_fastrtps_cpp/snaak_manipulation/action/detail/follow_trajectory__rosidl_typesupport_fastrtps_cpp.hpp:11[m[K,
[1.399s]                  from [01m[K/home/oberton/manipulation/manipulation_ws/build/snaak_manipulation/rosidl_typesupport_fastrtps_cpp/snaak_manipulation/action/detail/dds_fastrtps/follow_trajectory__type_support.cpp:4[m[K:
[1.399s] [01m[K/home/oberton/manipulation/manipulation_ws/build/snaak_manipulation/rosidl_generator_cpp/snaak_manipulation/action/detail/follow_trajectory__struct.hpp:134:10:[m[K [01;31m[Kfatal error: [m[Kgeometry_msgs/msg/detail/transform__struct.hpp: No such file or directory
[1.400s]   134 | #include [01;31m[K"geometry_msgs/msg/detail/transform__struct.hpp"[m[K
[1.400s]       |          [01;31m[K^~~~~~~~~~~~~~~~~~~~~~~~~~~~~~~~~~~~~~~~~~~~~~~~[m[K
[1.400s] compilation terminated.
[1.400s] gmake[2]: *** [CMakeFiles/snaak_manipulation__rosidl_typesupport_fastrtps_cpp.dir/build.make:98: CMakeFiles/snaak_manipulation__rosidl_typesupport_fastrtps_cpp.dir/rosidl_typesupport_fastrtps_cpp/snaak_manipulation/action/detail/dds_fastrtps/follow_trajectory__type_support.cpp.o] Error 1
[1.401s] gmake[1]: *** [CMakeFiles/Makefile2:291: CMakeFiles/snaak_manipulation__rosidl_typesupport_fastrtps_cpp.dir/all] Error 2
[1.401s] gmake: *** [Makefile:146: all] Error 2
[1.403s] Invoked command in '/home/oberton/manipulation/manipulation_ws/build/snaak_manipulation' returned '2': CMAKE_PREFIX_PATH=/opt/ros/humble /usr/bin/cmake --build /home/oberton/manipulation/manipulation_ws/build/snaak_manipulation -- -j12 -l12
